<?xml version="1.0" encoding="UTF-8"?>
<testng-results skipped="0" failed="0" total="1" passed="1">
  <reporter-output>
  </reporter-output>
  <suite name="Default suite" duration-ms="2175" started-at="2018-06-17T12:33:14Z" finished-at="2018-06-17T12:33:16Z">
    <groups>
    </groups>
    <test name="Default test" duration-ms="2175" started-at="2018-06-17T12:33:14Z" finished-at="2018-06-17T12:33:16Z">
      <class name="JSONserver.Calculateresponsetime">
        <test-method status="PASS" signature="reponsetime()[pri:0, instance:JSONserver.Calculateresponsetime@4520ebad]" name="reponsetime" duration-ms="2148" started-at="2018-06-17T18:03:14Z" finished-at="2018-06-17T18:03:16Z">
          <reporter-output>
          </reporter-output>
        </test-method> <!-- reponsetime -->
      </class> <!-- JSONserver.Calculateresponsetime -->
    </test> <!-- Default test -->
  </suite> <!-- Default suite -->
</testng-results>
